Build started 11/10/2015 1:47:53 AM.
     1>Project "c:\Users\wahlg\documents\visual studio 2015\Projects\6250Project3\6250Project3\6250Project3.vcxproj" on node 2 (Build target(s)).
     1>ClCompile:
         C:\Program Files (x86)\Microsoft Visual Studio 14.0\VC\bin\CL.exe /c /ZI /nologo /W3 /WX- /sdl /Od /Oy- /D WIN32 /D _DEBUG /D _CONSOLE /D _UNICODE /D UNICODE /Gm /EHsc /RTC1 /MDd /GS /fp:precise /Zc:wchar_t /Zc:forScope /Zc:inline /Yu"stdafx.h" /Fp"Debug\6250Project3.pch" /Fo"Debug\\" /Fd"Debug\vc140.pdb" /Gd /TP /analyze- /errorReport:prompt 6250Project3.cpp
         6250Project3.cpp
     1>c:\users\wahlg\documents\visual studio 2015\projects\6250project3\6250project3\6250project3.cpp(34): warning C4091: 'typedef ': ignored on left of 'pt' when no variable is declared
     1>c:\users\wahlg\documents\visual studio 2015\projects\6250project3\6250project3\6250project3.cpp(38): warning C4091: 'typedef ': ignored on left of 'triangle' when no variable is declared
     1>c:\users\wahlg\documents\visual studio 2015\projects\6250project3\6250project3\6250project3.cpp(42): warning C4091: 'typedef ': ignored on left of 'color' when no variable is declared
     1>c:\users\wahlg\documents\visual studio 2015\projects\6250project3\6250project3\6250project3.cpp(49): warning C4091: 'typedef ': ignored on left of 'light' when no variable is declared
     1>c:\users\wahlg\documents\visual studio 2015\projects\6250project3\6250project3\6250project3.cpp(57): warning C4091: 'typedef ': ignored on left of 'sphere' when no variable is declared
     1>c:\users\wahlg\documents\visual studio 2015\projects\6250project3\6250project3\6250project3.cpp(169): warning C4018: '<': signed/unsigned mismatch
     1>c:\users\wahlg\documents\visual studio 2015\projects\6250project3\6250project3\6250project3.cpp(204): warning C4018: '<': signed/unsigned mismatch
     1>c:\users\wahlg\documents\visual studio 2015\projects\6250project3\6250project3\6250project3.cpp(219): warning C4018: '<': signed/unsigned mismatch
     1>c:\users\wahlg\documents\visual studio 2015\projects\6250project3\6250project3\6250project3.cpp(249): warning C4018: '<': signed/unsigned mismatch
       Link:
         C:\Program Files (x86)\Microsoft Visual Studio 14.0\VC\bin\link.exe /ERRORREPORT:PROMPT /OUT:"c:\users\wahlg\documents\visual studio 2015\Projects\6250Project3\Debug\6250Project3.exe" /INCREMENTAL /NOLOGO kernel32.lib user32.lib gdi32.lib winspool.lib comdlg32.lib advapi32.lib shell32.lib ole32.lib oleaut32.lib uuid.lib odbc32.lib odbccp32.lib /MANIFEST /MANIFESTUAC:"level='asInvoker' uiAccess='false'" /manifest:embed /Debug /PDB:"c:\users\wahlg\documents\visual studio 2015\Projects\6250Project3\Debug\6250Project3.pdb" /SUBSYSTEM:CONSOLE /TLBID:1 /DYNAMICBASE /NXCOMPAT /IMPLIB:"c:\users\wahlg\documents\visual studio 2015\Projects\6250Project3\Debug\6250Project3.lib" /MACHINE:X86 Debug\6250Project3.obj
         Debug\stdafx.obj
         6250Project3.vcxproj -> c:\users\wahlg\documents\visual studio 2015\Projects\6250Project3\Debug\6250Project3.exe
     1>Done Building Project "c:\Users\wahlg\documents\visual studio 2015\Projects\6250Project3\6250Project3\6250Project3.vcxproj" (Build target(s)).

Build succeeded.

Time Elapsed 00:00:00.97
